<?xml version="1.0" encoding="UTF-8"?>
<!-- Generated by org.testng.reporters.JUnitXMLReporter -->
<testsuite hostname="NOLAPF2LGFWS043" ignored="0" name="Default test" tests="4" failures="0" timestamp="21 Jul 2020 13:07:54 GMT" time="31.795" errors="0">
  <testcase name="verifyHomePageHeader" time="0.061" classname="com.qa.store.test.VehicleStoreTestCases"/>
  <testcase name="verifyPageTitle" time="0.012" classname="com.qa.store.test.VehicleStoreTestCases"/>
  <testcase name="verifySubmitButton" time="5.136" classname="com.qa.store.test.VehicleStoreTestCases"/>
  <testcase name="verifyVehicleListOfValues" time="0.126" classname="com.qa.store.test.VehicleStoreTestCases"/>
</testsuite> <!-- Default test -->
