<?xml version="1.0" encoding="UTF-8"?>
<!-- Generated by org.testng.reporters.JUnitXMLReporter -->
<testsuite hostname="NOLAPF2LGFWS043" ignored="0" name="Default test" tests="4" failures="0" timestamp="10 Jul 2020 13:13:55 GMT" time="25.333" errors="0">
  <testcase name="verifyPageTitle" time="0.017" classname="com.qa.store.test.VehicleStoreTestCases"/>
  <testcase name="verifySubmitButton" time="5.229" classname="com.qa.store.test.VehicleStoreTestCases"/>
  <testcase name="verifyHomePageHeader" time="0.06" classname="com.qa.store.test.VehicleStoreTestCases"/>
  <testcase name="verifyVehicleListOfValues" time="0.178" classname="com.qa.store.test.VehicleStoreTestCases"/>
</testsuite> <!-- Default test -->
