<?xml version="1.0" encoding="UTF-8"?>
<!-- Generated by org.testng.reporters.JUnitXMLReporter -->
<testsuite hostname="NOLAPF2LGFWS043" ignored="2" name="Test" tests="2" failures="2" timestamp="21 Jul 2020 10:52:48 GMT" time="0.054" errors="0">
  <testcase name="verifyHomePageHeader" time="0.02" classname="com.qa.store.test.VehicleStoreTestCases">
    <failure type="java.lang.NullPointerException">
      <![CDATA[java.lang.NullPointerException
at com.qa.store.test.VehicleStoreTestCases.verifyHomePageHeader(VehicleStoreTestCases.java:55)
... Removed 25 stack frames]]>
    </failure>
  </testcase> <!-- verifyHomePageHeader -->
  <testcase name="verifyPageTitle" time="0.002" classname="com.qa.store.test.VehicleStoreTestCases">
    <failure type="java.lang.NullPointerException">
      <![CDATA[java.lang.NullPointerException
at com.qa.store.test.VehicleStoreTestCases.verifyPageTitle(VehicleStoreTestCases.java:41)
... Removed 25 stack frames]]>
    </failure>
  </testcase> <!-- verifyPageTitle -->
  <testcase name="verifySubmitButton" time="0.0" classname="com.qa.store.test.VehicleStoreTestCases">
    <ignored/>
  </testcase> <!-- verifySubmitButton -->
  <testcase name="verifyVehicleListOfValues" time="0.0" classname="com.qa.store.test.VehicleStoreTestCases">
    <ignored/>
  </testcase> <!-- verifyVehicleListOfValues -->
</testsuite> <!-- Test -->
