<?xml version="1.0" encoding="UTF-8"?>
<testng-results skipped="0" failed="0" ignored="0" total="4" passed="4">
  <reporter-output>
  </reporter-output>
  <suite name="Default suite" duration-ms="37893" started-at="2020-09-21T07:03:13Z" finished-at="2020-09-21T07:03:51Z">
    <groups>
      <group name="SmokeTest">
        <method signature="VehicleStoreTestCases.verifyHomePageHeader()[pri:0, instance:com.qa.store.test.VehicleStoreTestCases@475530b9]" name="verifyHomePageHeader" class="com.qa.store.test.VehicleStoreTestCases"/>
        <method signature="VehicleStoreTestCases.verifyPageTitle()[pri:0, instance:com.qa.store.test.VehicleStoreTestCases@475530b9]" name="verifyPageTitle" class="com.qa.store.test.VehicleStoreTestCases"/>
      </group> <!-- SmokeTest -->
    </groups>
    <test name="Default test" duration-ms="37893" started-at="2020-09-21T07:03:13Z" finished-at="2020-09-21T07:03:51Z">
      <class name="com.qa.store.test.VehicleStoreTestCases">
        <test-method status="PASS" signature="openBrowser()[pri:0, instance:com.qa.store.test.VehicleStoreTestCases@475530b9]" name="openBrowser" is-config="true" duration-ms="9267" started-at="2020-09-21T07:03:13Z" finished-at="2020-09-21T07:03:22Z">
          <reporter-output>
          </reporter-output>
        </test-method> <!-- openBrowser -->
        <test-method status="PASS" signature="verifyHomePageHeader()[pri:0, instance:com.qa.store.test.VehicleStoreTestCases@475530b9]" name="verifyHomePageHeader" duration-ms="52" started-at="2020-09-21T07:03:22Z" finished-at="2020-09-21T07:03:22Z">
          <reporter-output>
          </reporter-output>
        </test-method> <!-- verifyHomePageHeader -->
        <test-method status="PASS" signature="tearDown()[pri:0, instance:com.qa.store.test.VehicleStoreTestCases@475530b9]" name="tearDown" is-config="true" duration-ms="651" started-at="2020-09-21T07:03:22Z" finished-at="2020-09-21T07:03:23Z">
          <reporter-output>
          </reporter-output>
        </test-method> <!-- tearDown -->
        <test-method status="PASS" signature="openBrowser()[pri:0, instance:com.qa.store.test.VehicleStoreTestCases@475530b9]" name="openBrowser" is-config="true" duration-ms="7133" started-at="2020-09-21T07:03:23Z" finished-at="2020-09-21T07:03:30Z">
          <reporter-output>
          </reporter-output>
        </test-method> <!-- openBrowser -->
        <test-method status="PASS" signature="verifyPageTitle()[pri:0, instance:com.qa.store.test.VehicleStoreTestCases@475530b9]" name="verifyPageTitle" duration-ms="10" started-at="2020-09-21T07:03:30Z" finished-at="2020-09-21T07:03:30Z">
          <reporter-output>
          </reporter-output>
        </test-method> <!-- verifyPageTitle -->
        <test-method status="PASS" signature="tearDown()[pri:0, instance:com.qa.store.test.VehicleStoreTestCases@475530b9]" name="tearDown" is-config="true" duration-ms="659" started-at="2020-09-21T07:03:30Z" finished-at="2020-09-21T07:03:30Z">
          <reporter-output>
          </reporter-output>
        </test-method> <!-- tearDown -->
        <test-method status="PASS" signature="openBrowser()[pri:0, instance:com.qa.store.test.VehicleStoreTestCases@475530b9]" name="openBrowser" is-config="true" duration-ms="6810" started-at="2020-09-21T07:03:30Z" finished-at="2020-09-21T07:03:37Z">
          <reporter-output>
          </reporter-output>
        </test-method> <!-- openBrowser -->
        <test-method status="PASS" signature="verifySubmitButton()[pri:2, instance:com.qa.store.test.VehicleStoreTestCases@475530b9]" name="verifySubmitButton" duration-ms="5110" started-at="2020-09-21T07:03:37Z" finished-at="2020-09-21T07:03:42Z">
          <reporter-output>
          </reporter-output>
        </test-method> <!-- verifySubmitButton -->
        <test-method status="PASS" signature="tearDown()[pri:0, instance:com.qa.store.test.VehicleStoreTestCases@475530b9]" name="tearDown" is-config="true" duration-ms="669" started-at="2020-09-21T07:03:42Z" finished-at="2020-09-21T07:03:43Z">
          <reporter-output>
          </reporter-output>
        </test-method> <!-- tearDown -->
        <test-method status="PASS" signature="openBrowser()[pri:0, instance:com.qa.store.test.VehicleStoreTestCases@475530b9]" name="openBrowser" is-config="true" duration-ms="6711" started-at="2020-09-21T07:03:43Z" finished-at="2020-09-21T07:03:50Z">
          <reporter-output>
          </reporter-output>
        </test-method> <!-- openBrowser -->
        <test-method status="PASS" signature="verifyVehicleListOfValues()[pri:4, instance:com.qa.store.test.VehicleStoreTestCases@475530b9]" name="verifyVehicleListOfValues" duration-ms="158" started-at="2020-09-21T07:03:50Z" finished-at="2020-09-21T07:03:50Z">
          <reporter-output>
          </reporter-output>
        </test-method> <!-- verifyVehicleListOfValues -->
        <test-method status="PASS" signature="tearDown()[pri:0, instance:com.qa.store.test.VehicleStoreTestCases@475530b9]" name="tearDown" is-config="true" duration-ms="631" started-at="2020-09-21T07:03:50Z" finished-at="2020-09-21T07:03:51Z">
          <reporter-output>
          </reporter-output>
        </test-method> <!-- tearDown -->
      </class> <!-- com.qa.store.test.VehicleStoreTestCases -->
    </test> <!-- Default test -->
  </suite> <!-- Default suite -->
</testng-results>
