<?xml version="1.0" encoding="UTF-8"?>
<testng-results skipped="0" failed="0" ignored="0" total="4" passed="4">
  <reporter-output>
  </reporter-output>
  <suite name="Default suite" duration-ms="25333" started-at="2020-07-10T13:13:29Z" finished-at="2020-07-10T13:13:55Z">
    <groups>
    </groups>
    <test name="Default test" duration-ms="25333" started-at="2020-07-10T13:13:29Z" finished-at="2020-07-10T13:13:55Z">
      <class name="com.qa.store.test.VehicleStoreTestCases">
        <test-method status="PASS" signature="openBrowser()[pri:0, instance:com.qa.store.test.VehicleStoreTestCases@475530b9]" name="openBrowser" is-config="true" duration-ms="5518" started-at="2020-07-10T13:13:29Z" finished-at="2020-07-10T13:13:35Z">
          <reporter-output>
          </reporter-output>
        </test-method> <!-- openBrowser -->
        <test-method status="PASS" signature="verifyPageTitle()[pri:1, instance:com.qa.store.test.VehicleStoreTestCases@475530b9]" name="verifyPageTitle" duration-ms="17" started-at="2020-07-10T13:13:35Z" finished-at="2020-07-10T13:13:35Z">
          <reporter-output>
          </reporter-output>
        </test-method> <!-- verifyPageTitle -->
        <test-method status="PASS" signature="tearDown()[pri:0, instance:com.qa.store.test.VehicleStoreTestCases@475530b9]" name="tearDown" is-config="true" duration-ms="702" started-at="2020-07-10T13:13:35Z" finished-at="2020-07-10T13:13:36Z">
          <reporter-output>
          </reporter-output>
        </test-method> <!-- tearDown -->
        <test-method status="PASS" signature="openBrowser()[pri:0, instance:com.qa.store.test.VehicleStoreTestCases@475530b9]" name="openBrowser" is-config="true" duration-ms="3840" started-at="2020-07-10T13:13:36Z" finished-at="2020-07-10T13:13:39Z">
          <reporter-output>
          </reporter-output>
        </test-method> <!-- openBrowser -->
        <test-method status="PASS" signature="verifySubmitButton()[pri:2, instance:com.qa.store.test.VehicleStoreTestCases@475530b9]" name="verifySubmitButton" duration-ms="5229" started-at="2020-07-10T13:13:39Z" finished-at="2020-07-10T13:13:45Z">
          <reporter-output>
          </reporter-output>
        </test-method> <!-- verifySubmitButton -->
        <test-method status="PASS" signature="tearDown()[pri:0, instance:com.qa.store.test.VehicleStoreTestCases@475530b9]" name="tearDown" is-config="true" duration-ms="685" started-at="2020-07-10T13:13:45Z" finished-at="2020-07-10T13:13:45Z">
          <reporter-output>
          </reporter-output>
        </test-method> <!-- tearDown -->
        <test-method status="PASS" signature="openBrowser()[pri:0, instance:com.qa.store.test.VehicleStoreTestCases@475530b9]" name="openBrowser" is-config="true" duration-ms="3876" started-at="2020-07-10T13:13:45Z" finished-at="2020-07-10T13:13:49Z">
          <reporter-output>
          </reporter-output>
        </test-method> <!-- openBrowser -->
        <test-method status="PASS" signature="verifyHomePageHeader()[pri:3, instance:com.qa.store.test.VehicleStoreTestCases@475530b9]" name="verifyHomePageHeader" duration-ms="60" started-at="2020-07-10T13:13:49Z" finished-at="2020-07-10T13:13:49Z">
          <reporter-output>
          </reporter-output>
        </test-method> <!-- verifyHomePageHeader -->
        <test-method status="PASS" signature="tearDown()[pri:0, instance:com.qa.store.test.VehicleStoreTestCases@475530b9]" name="tearDown" is-config="true" duration-ms="692" started-at="2020-07-10T13:13:49Z" finished-at="2020-07-10T13:13:50Z">
          <reporter-output>
          </reporter-output>
        </test-method> <!-- tearDown -->
        <test-method status="PASS" signature="openBrowser()[pri:0, instance:com.qa.store.test.VehicleStoreTestCases@475530b9]" name="openBrowser" is-config="true" duration-ms="3784" started-at="2020-07-10T13:13:50Z" finished-at="2020-07-10T13:13:54Z">
          <reporter-output>
          </reporter-output>
        </test-method> <!-- openBrowser -->
        <test-method status="PASS" signature="verifyVehicleListOfValues()[pri:4, instance:com.qa.store.test.VehicleStoreTestCases@475530b9]" name="verifyVehicleListOfValues" duration-ms="178" started-at="2020-07-10T13:13:54Z" finished-at="2020-07-10T13:13:54Z">
          <reporter-output>
          </reporter-output>
        </test-method> <!-- verifyVehicleListOfValues -->
        <test-method status="PASS" signature="tearDown()[pri:0, instance:com.qa.store.test.VehicleStoreTestCases@475530b9]" name="tearDown" is-config="true" duration-ms="719" started-at="2020-07-10T13:13:54Z" finished-at="2020-07-10T13:13:55Z">
          <reporter-output>
          </reporter-output>
        </test-method> <!-- tearDown -->
      </class> <!-- com.qa.store.test.VehicleStoreTestCases -->
    </test> <!-- Default test -->
  </suite> <!-- Default suite -->
</testng-results>
